(base) C:\SelfLearning\rasa\projects\imlBot>rasa shell -vv
2020-08-05 14:02:29 DEBUG    rasa.model  - Extracted model to 'C:\Users\vipulba\AppData\Local\Temp\tmp7_7k54q6'.
2020-08-05 14:02:29 DEBUG    rasa.cli.utils  - Parameter 'endpoints' not set. Using default location 'endpoints.yml' instead.
2020-08-05 14:02:29 DEBUG    rasa.cli.utils  - Parameter 'credentials' not set. Using default location 'credentials.yml' instead.
2020-08-05 14:02:30 DEBUG    rasa.model  - Extracted model to 'C:\Users\vipulba\AppData\Local\Temp\tmpphjni_yy'.
2020-08-05 14:02:34 INFO     root  - Connecting to channel 'cmdline' which was specified by the '--connector' argument. Any other channels will be ignored. To connect to all given channels, omit the '--connector' argument.
2020-08-05 14:02:34 DEBUG    sanic.root  - CORS: Configuring CORS with resources: {'/*': {'origins': [''], 'methods': 'DELETE, GET, HEAD, OPTIONS, PATCH, POST, PUT', 'allow_headers': ['.*'], 'expose_headers': None, 'supports_credentials': True, 'max_age': None, 'send_wildcard': False, 'automatic_options': True, 'vary_header': True, 'resources': {'/*': {'origins': ''}}, 'intercept_exceptions': True, 'always_send': True}}
2020-08-05 14:02:34 DEBUG    rasa.core.utils  - Available web server routes:
/webhooks/rest                                     GET                            custom_webhook_CmdlineInput.health
/webhooks/rest/webhook                             POST                           custom_webhook_CmdlineInput.receive
/                                                  GET                            hello
2020-08-05 14:02:34 INFO     root  - Starting Rasa server on http://localhost:5005
2020-08-05 14:02:34 DEBUG    rasa.core.utils  - Using the default number of Sanic workers (1).
2020-08-05 14:02:34 INFO     root  - Enabling coroutine debugging. Loop id 1488925604744.
2020-08-05 14:02:34 DEBUG    rasa.model  - Extracted model to 'C:\Users\vipulba\AppData\Local\Temp\tmpzxbpqio2'.
2020-08-05 14:02:37 DEBUG    rasa.utils.tensorflow.models  - Loading the model ...
2020-08-05 14:02:37.338119: E tensorflow/stream_executor/cuda/cuda_driver.cc:351] failed call to cuInit: UNKNOWN ERROR (303)
2020-08-05 14:02:41 DEBUG    rasa.utils.tensorflow.models  - Finished loading the model.
2020-08-05 14:02:41 DEBUG    rasa.utils.tensorflow.models  - Building tensorflow prediction graph...
2020-08-05 14:02:48 DEBUG    rasa.utils.tensorflow.models  - Finished building tensorflow prediction graph.
2020-08-05 14:02:48 DEBUG    rasa.nlu.classifiers.diet_classifier  - Failed to load model for 'ResponseSelector'. Maybe you did not provide enough training data and no model was trained or the path 'C:\Users\vipulba\AppData\Local\Temp\tmpzxbpqio2\nlu' doesn't exist?
2020-08-05 14:02:48 DEBUG    rasa.core.tracker_store  - Connected to InMemoryTrackerStore.
2020-08-05 14:02:48 DEBUG    rasa.core.lock_store  - Connected to lock store 'InMemoryLockStore'.
2020-08-05 14:02:49 DEBUG    rasa.model  - Extracted model to 'C:\Users\vipulba\AppData\Local\Temp\tmpqtvsgvw1'.
2020-08-05 14:02:49 DEBUG    pykwalify.compat  - Using yaml library: c:\users\vipulba\anaconda3\lib\site-packages\ruamel\yaml\__init__.py
2020-08-05 14:02:49 DEBUG    rasa.utils.tensorflow.models  - Loading the model ...
2020-08-05 14:02:49 DEBUG    rasa.utils.tensorflow.models  - Finished loading the model.
2020-08-05 14:02:49 DEBUG    rasa.utils.tensorflow.models  - Building tensorflow prediction graph...
2020-08-05 14:02:51 DEBUG    rasa.utils.tensorflow.models  - Finished building tensorflow prediction graph.
2020-08-05 14:02:51 DEBUG    rasa.core.nlg.generator  - Instantiated NLG to 'TemplatedNaturalLanguageGenerator'.
2020-08-05 14:02:51 INFO     root  - Rasa server is up and running.
Bot loaded. Type a message and press enter (use '/stop' to exit):
Your input ->  hi
2020-08-05 14:03:48 DEBUG    rasa.core.tracker_store  - Creating a new tracker for id 'f777b51e855040ea99e37a5df249fa5c'.
2020-08-05 14:03:48 DEBUG    rasa.core.processor  - Starting a new session for conversation ID 'f777b51e855040ea99e37a5df249fa5c'.
2020-08-05 14:03:48 DEBUG    rasa.core.processor  - Action 'action_session_start' ended with events '[<rasa.core.events.SessionStarted object at 0x0000015AAFB0A788>, <rasa.core.events.ActionExecuted object at 0x0000015AAFB0A748>]'.
2020-08-05 14:03:48 DEBUG    rasa.core.processor  - Current slot values:
        dest: None
        requested_slot: None
        src: None
2020-08-05 14:03:48 DEBUG    rasa.nlu.classifiers.diet_classifier  - There is no trained model for 'ResponseSelector': The component is either not trained or didn't receive enough training data.
2020-08-05 14:03:48 DEBUG    rasa.nlu.selectors.response_selector  - Adding following selector key to message property: default
2020-08-05 14:03:48 DEBUG    rasa.core.processor  - Received user message 'hi' with intent '{'name': 'greet', 'confidence': 0.9999833106994629}' and entities '[]'
2020-08-05 14:03:48 DEBUG    rasa.core.processor  - Logged UserUtterance - tracker now has 4 events.
2020-08-05 14:03:48 DEBUG    rasa.core.policies.memoization  - Current tracker state [None, None, None, {}, {'prev_action_listen': 1.0, 'intent_greet': 1.0}]
2020-08-05 14:03:48 DEBUG    rasa.core.policies.memoization  - There is a memorised next action 'utter_greet'
2020-08-05 14:03:48 DEBUG    rasa.core.policies.form_policy  - There is no active form
2020-08-05 14:03:48 DEBUG    rasa.core.policies.ensemble  - Predicted next action using policy_0_MemoizationPolicy
2020-08-05 14:03:48 DEBUG    rasa.core.processor  - Predicted next action 'utter_greet' with confidence 1.00.
2020-08-05 14:03:48 DEBUG    rasa.core.processor  - Action 'utter_greet' ended with events '[BotUttered('Hey! How are you?', {"elements": null, "quick_replies": null, "buttons": null, "attachment": null, "image": null, "custom": null}, {}, 1596616428.6313825)]'.
2020-08-05 14:03:48 DEBUG    rasa.core.policies.memoization  - Current tracker state [None, None, {}, {'prev_action_listen': 1.0, 'intent_greet': 1.0}, {'prev_utter_greet': 1.0, 'intent_greet': 1.0}]
2020-08-05 14:03:48 DEBUG    rasa.core.policies.memoization  - There is a memorised next action 'action_listen'
2020-08-05 14:03:48 DEBUG    rasa.core.policies.mapping_policy  - There is no mapped action for the predicted intent, 'greet'.
2020-08-05 14:03:48 DEBUG    rasa.core.policies.form_policy  - There is no active form
2020-08-05 14:03:48 DEBUG    rasa.core.policies.ensemble  - Predicted next action using policy_0_MemoizationPolicy
2020-08-05 14:03:48 DEBUG    rasa.core.processor  - Predicted next action 'action_listen' with confidence 1.00.
2020-08-05 14:03:48 DEBUG    rasa.core.processor  - Action 'action_listen' ended with events '[]'.
2020-08-05 14:03:48 DEBUG    rasa.core.lock_store  - Deleted lock for conversation 'f777b51e855040ea99e37a5df249fa5c'.
Hey! How are you?
Your input ->  i need some information about interfaces
2020-08-05 14:04:25 DEBUG    rasa.core.tracker_store  - Recreating tracker for id 'f777b51e855040ea99e37a5df249fa5c'
2020-08-05 14:04:25 DEBUG    rasa.nlu.classifiers.diet_classifier  - There is no trained model for 'ResponseSelector': The component is either not trained or didn't receive enough training data.
2020-08-05 14:04:25 DEBUG    rasa.nlu.selectors.response_selector  - Adding following selector key to message property: default
2020-08-05 14:04:25 DEBUG    rasa.core.processor  - Received user message 'i need some information about interfaces' with intent '{'name': 'iml_query', 'confidence': 1.0}' and entities '[]'
2020-08-05 14:04:25 DEBUG    rasa.core.processor  - Logged UserUtterance - tracker now has 8 events.
2020-08-05 14:04:25 DEBUG    rasa.core.policies.memoization  - Current tracker state [None, {}, {'prev_action_listen': 1.0, 'intent_greet': 1.0}, {'prev_utter_greet': 1.0, 'intent_greet': 1.0}, {'intent_iml_query': 1.0, 'prev_action_listen': 1.0}]
2020-08-05 14:04:25 DEBUG    rasa.core.policies.memoization  - There is a memorised next action 'iml_form'
2020-08-05 14:04:25 DEBUG    rasa.core.policies.form_policy  - There is no active form
2020-08-05 14:04:25 DEBUG    rasa.core.policies.ensemble  - Predicted next action using policy_0_MemoizationPolicy
2020-08-05 14:04:25 DEBUG    rasa.core.processor  - Predicted next action 'iml_form' with confidence 1.00.
2020-08-05 14:04:25 DEBUG    rasa.core.actions.action  - Calling action endpoint to run action 'iml_form'.
2020-08-05 14:04:27 DEBUG    rasa.core.processor  - Action 'iml_form' ended with events '[BotUttered('Please provide the source (From) app.', {"elements": null, "quick_replies": null, "buttons": null, "attachment": null, "image": null, "custom": null}, {}, 1596616467.2137454), <rasa.core.events.Form object at 0x0000015AAD714288>, <rasa.core.events.SlotSet object at 0x0000015AAFB0A6C8>]'.
2020-08-05 14:04:27 DEBUG    rasa.core.processor  - Current slot values:
        dest: None
        requested_slot: src
        src: None
2020-08-05 14:04:27 DEBUG    rasa.core.policies.memoization  - Current tracker state [None, {}, {'prev_action_listen': 1.0, 'intent_greet': 1.0}, {'prev_utter_greet': 1.0, 'intent_greet': 1.0}, {'intent_iml_query': 1.0, 'prev_action_listen': 1.0}]
2020-08-05 14:04:27 DEBUG    rasa.core.policies.memoization  - There is a memorised next action 'iml_form'
2020-08-05 14:04:27 DEBUG    rasa.core.policies.mapping_policy  - There is no mapped action for the predicted intent, 'iml_query'.
2020-08-05 14:04:27 DEBUG    rasa.core.policies.form_policy  - There is an active form 'iml_form'
2020-08-05 14:04:27 DEBUG    rasa.core.policies.ensemble  - Predicted next action using policy_3_FormPolicy
2020-08-05 14:04:27 DEBUG    rasa.core.processor  - Predicted next action 'action_listen' with confidence 1.00.
2020-08-05 14:04:27 DEBUG    rasa.core.processor  - Action 'action_listen' ended with events '[]'.
2020-08-05 14:04:27 DEBUG    rasa.core.lock_store  - Deleted lock for conversation 'f777b51e855040ea99e37a5df249fa5c'.
Please provide the source (From) app.
Your input ->  Portal
2020-08-05 14:04:45 DEBUG    rasa.core.tracker_store  - Recreating tracker for id 'f777b51e855040ea99e37a5df249fa5c'
2020-08-05 14:04:45 DEBUG    rasa.nlu.classifiers.diet_classifier  - There is no trained model for 'ResponseSelector': The component is either not trained or didn't receive enough training data.
2020-08-05 14:04:45 DEBUG    rasa.nlu.selectors.response_selector  - Adding following selector key to message property: default
2020-08-05 14:04:45 DEBUG    rasa.core.processor  - Received user message 'Portal' with intent '{'name': 'iml_query', 'confidence': 0.9998629093170166}' and entities '[{'entity': 'app', 'start': 0, 'end': 6, 'role': 'src', 'value': 'Portal', 'extractor': 'DIETClassifier'}]'
2020-08-05 14:04:45 DEBUG    rasa.core.processor  - Current slot values:
        dest: None
        requested_slot: src
        src: None
2020-08-05 14:04:45 DEBUG    rasa.core.processor  - Logged UserUtterance - tracker now has 14 events.
2020-08-05 14:04:45 DEBUG    rasa.core.policies.memoization  - Current tracker state [{'prev_action_listen': 1.0, 'intent_greet': 1.0}, {'prev_utter_greet': 1.0, 'intent_greet': 1.0}, {'intent_iml_query': 1.0, 'prev_action_listen': 1.0}, {'intent_iml_query': 1.0, 'prev_iml_form': 1.0, 'active_form_iml_form': 1.0}, {'intent_iml_query': 1.0, 'active_form_iml_form': 1.0, 'prev_action_listen': 1.0, 'entity_app': 1.0}]
2020-08-05 14:04:45 DEBUG    rasa.core.policies.memoization  - There is no memorised next action
2020-08-05 14:04:45 DEBUG    rasa.core.policies.form_policy  - There is an active form 'iml_form'
2020-08-05 14:04:45 DEBUG    rasa.core.policies.ensemble  - Predicted next action using policy_3_FormPolicy
2020-08-05 14:04:45 DEBUG    rasa.core.processor  - Predicted next action 'iml_form' with confidence 1.00.
2020-08-05 14:04:45 DEBUG    rasa.core.actions.action  - Calling action endpoint to run action 'iml_form'.
2020-08-05 14:04:46 DEBUG    rasa.core.processor  - Action 'iml_form' ended with events '[BotUttered('Please provide the destination (To) app.', {"elements": null, "quick_replies": null, "buttons": null, "attachment": null, "image": null, "custom": null}, {"requested_slot": "src", "src": "Portal"}, 1596616486.2353837), <rasa.core.events.SlotSet object at 0x0000015AAEACFE08>, <rasa.core.events.SlotSet object at 0x0000015AAD645E88>]'.
c:\users\vipulba\anaconda3\lib\site-packages\rasa\utils\common.py:363: UserWarning: Action 'iml_form' set a slot type 'src' which it never set during the training. This can throw off the prediction. Make sure to include training examples in your stories for the different types of slots this action can return. Remember: you need to set the slots manually in the stories by adding '- slot{"src": Portal}' after the action.
2020-08-05 14:04:46 DEBUG    rasa.core.processor  - Current slot values:
        dest: None
        requested_slot: dest
        src: Portal
2020-08-05 14:04:46 DEBUG    rasa.core.policies.memoization  - Current tracker state [None, {}, {'prev_action_listen': 1.0, 'intent_greet': 1.0}, {'prev_utter_greet': 1.0, 'intent_greet': 1.0}, {'intent_iml_query': 1.0, 'prev_action_listen': 1.0}]
2020-08-05 14:04:46 DEBUG    rasa.core.policies.memoization  - There is a memorised next action 'iml_form'
2020-08-05 14:04:46 DEBUG    rasa.core.policies.mapping_policy  - There is no mapped action for the predicted intent, 'iml_query'.
2020-08-05 14:04:46 DEBUG    rasa.core.policies.form_policy  - There is an active form 'iml_form'
2020-08-05 14:04:46 DEBUG    rasa.core.policies.ensemble  - Predicted next action using policy_3_FormPolicy
2020-08-05 14:04:46 DEBUG    rasa.core.processor  - Predicted next action 'action_listen' with confidence 1.00.
2020-08-05 14:04:46 DEBUG    rasa.core.processor  - Action 'action_listen' ended with events '[]'.
2020-08-05 14:04:46 DEBUG    rasa.core.lock_store  - Deleted lock for conversation 'f777b51e855040ea99e37a5df249fa5c'.
Please provide the destination (To) app.
Your input ->  CRM
2020-08-05 14:04:51 DEBUG    rasa.core.tracker_store  - Recreating tracker for id 'f777b51e855040ea99e37a5df249fa5c'
2020-08-05 14:04:51 DEBUG    rasa.nlu.classifiers.diet_classifier  - There is no trained model for 'ResponseSelector': The component is either not trained or didn't receive enough training data.
2020-08-05 14:04:51 DEBUG    rasa.nlu.selectors.response_selector  - Adding following selector key to message property: default
2020-08-05 14:04:51 DEBUG    rasa.core.processor  - Received user message 'CRM' with intent '{'name': 'iml_query', 'confidence': 0.9999793767929077}' and entities '[{'entity': 'app', 'start': 0, 'end': 3, 'role': 'src', 'value': 'CRM', 'extractor': 'DIETClassifier'}]'
2020-08-05 14:04:51 DEBUG    rasa.core.processor  - Current slot values:
        dest: None
        requested_slot: dest
        src: Portal
2020-08-05 14:04:51 DEBUG    rasa.core.processor  - Logged UserUtterance - tracker now has 20 events.
2020-08-05 14:04:51 DEBUG    rasa.core.policies.memoization  - Current tracker state [{'prev_action_listen': 1.0, 'intent_greet': 1.0}, {'prev_utter_greet': 1.0, 'intent_greet': 1.0}, {'intent_iml_query': 1.0, 'prev_action_listen': 1.0}, {'intent_iml_query': 1.0, 'prev_iml_form': 1.0, 'active_form_iml_form': 1.0, 'slot_src_0': 1.0}, {'intent_iml_query': 1.0, 'active_form_iml_form': 1.0, 'prev_action_listen': 1.0, 'slot_src_0': 1.0, 'entity_app': 1.0}]
2020-08-05 14:04:51 DEBUG    rasa.core.policies.memoization  - There is no memorised next action
2020-08-05 14:04:51 DEBUG    rasa.core.policies.form_policy  - There is an active form 'iml_form'
2020-08-05 14:04:51 DEBUG    rasa.core.policies.ensemble  - Predicted next action using policy_3_FormPolicy
2020-08-05 14:04:51 DEBUG    rasa.core.processor  - Predicted next action 'iml_form' with confidence 1.00.
2020-08-05 14:04:51 DEBUG    rasa.core.actions.action  - Calling action endpoint to run action 'iml_form'.
2020-08-05 14:04:52 DEBUG    rasa.core.processor  - Action 'iml_form' ended with events '[BotUttered('Please provide the destination (To) app.', {"elements": null, "quick_replies": null, "buttons": null, "attachment": null, "image": null, "custom": null}, {"requested_slot": "dest", "src": "CRM"}, 1596616492.3103976), <rasa.core.events.SlotSet object at 0x0000015AAE8F2A48>, <rasa.core.events.SlotSet object at 0x0000015AAE8F2F88>]'.
c:\users\vipulba\anaconda3\lib\site-packages\rasa\utils\common.py:363: UserWarning: Action 'iml_form' set a slot type 'src' which it never set during the training. This can throw off the prediction. Make sure to include training examples in your stories for the different types of slots this action can return. Remember: you need to set the slots manually in the stories by adding '- slot{"src": CRM}' after the action.
2020-08-05 14:04:52 DEBUG    rasa.core.processor  - Current slot values:
        dest: None
        requested_slot: dest
        src: CRM
2020-08-05 14:04:52 DEBUG    rasa.core.policies.memoization  - Current tracker state [None, {}, {'prev_action_listen': 1.0, 'intent_greet': 1.0}, {'prev_utter_greet': 1.0, 'intent_greet': 1.0}, {'intent_iml_query': 1.0, 'prev_action_listen': 1.0}]
2020-08-05 14:04:52 DEBUG    rasa.core.policies.memoization  - There is a memorised next action 'iml_form'
2020-08-05 14:04:52 DEBUG    rasa.core.policies.mapping_policy  - There is no mapped action for the predicted intent, 'iml_query'.
2020-08-05 14:04:52 DEBUG    rasa.core.policies.form_policy  - There is an active form 'iml_form'
2020-08-05 14:04:52 DEBUG    rasa.core.policies.ensemble  - Predicted next action using policy_3_FormPolicy
2020-08-05 14:04:52 DEBUG    rasa.core.processor  - Predicted next action 'action_listen' with confidence 1.00.
2020-08-05 14:04:52 DEBUG    rasa.core.processor  - Action 'action_listen' ended with events '[]'.
2020-08-05 14:04:52 DEBUG    rasa.core.lock_store  - Deleted lock for conversation 'f777b51e855040ea99e37a5df249fa5c'.
Please provide the destination (To) app.
Your input ->