(base) C:\SelfLearning\rasa\projects\imlBot>rasa shell -vv
2020-08-05 14:24:22 DEBUG    rasa.model  - Extracted model to 'C:\Users\vipulba\AppData\Local\Temp\tmpywn4ly_x'.
2020-08-05 14:24:22 DEBUG    rasa.cli.utils  - Parameter 'endpoints' not set. Using default location 'endpoints.yml' instead.
2020-08-05 14:24:22 DEBUG    rasa.cli.utils  - Parameter 'credentials' not set. Using default location 'credentials.yml' instead.
2020-08-05 14:24:23 DEBUG    rasa.model  - Extracted model to 'C:\Users\vipulba\AppData\Local\Temp\tmpd6osyec7'.
2020-08-05 14:24:28 INFO     root  - Connecting to channel 'cmdline' which was specified by the '--connector' argument. Any other channels will be ignored. To connect to all given channels, omit the '--connector' argument.
2020-08-05 14:24:28 DEBUG    sanic.root  - CORS: Configuring CORS with resources: {'/*': {'origins': [''], 'methods': 'DELETE, GET, HEAD, OPTIONS, PATCH, POST, PUT', 'allow_headers': ['.*'], 'expose_headers': None, 'supports_credentials': True, 'max_age': None, 'send_wildcard': False, 'automatic_options': True, 'vary_header': True, 'resources': {'/*': {'origins': ''}}, 'intercept_exceptions': True, 'always_send': True}}
2020-08-05 14:24:28 DEBUG    rasa.core.utils  - Available web server routes:
/webhooks/rest                                     GET                            custom_webhook_CmdlineInput.health
/webhooks/rest/webhook                             POST                           custom_webhook_CmdlineInput.receive
/                                                  GET                            hello
2020-08-05 14:24:28 INFO     root  - Starting Rasa server on http://localhost:5005
2020-08-05 14:24:28 DEBUG    rasa.core.utils  - Using the default number of Sanic workers (1).
2020-08-05 14:24:28 INFO     root  - Enabling coroutine debugging. Loop id 2659489987400.
2020-08-05 14:24:29 DEBUG    rasa.model  - Extracted model to 'C:\Users\vipulba\AppData\Local\Temp\tmpvuotiyky'.
2020-08-05 14:24:33 DEBUG    rasa.utils.tensorflow.models  - Loading the model ...
2020-08-05 14:24:34.023004: E tensorflow/stream_executor/cuda/cuda_driver.cc:351] failed call to cuInit: UNKNOWN ERROR (303)
2020-08-05 14:24:38 DEBUG    rasa.utils.tensorflow.models  - Finished loading the model.
2020-08-05 14:24:38 DEBUG    rasa.utils.tensorflow.models  - Building tensorflow prediction graph...
2020-08-05 14:24:46 DEBUG    rasa.utils.tensorflow.models  - Finished building tensorflow prediction graph.
2020-08-05 14:24:46 DEBUG    rasa.nlu.classifiers.diet_classifier  - Failed to load model for 'ResponseSelector'. Maybe you did not provide enough training data and no model was trained or the path 'C:\Users\vipulba\AppData\Local\Temp\tmpvuotiyky\nlu' doesn't exist?
2020-08-05 14:24:46 DEBUG    rasa.core.tracker_store  - Connected to InMemoryTrackerStore.
2020-08-05 14:24:46 DEBUG    rasa.core.lock_store  - Connected to lock store 'InMemoryLockStore'.
2020-08-05 14:24:46 DEBUG    rasa.model  - Extracted model to 'C:\Users\vipulba\AppData\Local\Temp\tmppp_oliat'.
2020-08-05 14:24:46 DEBUG    pykwalify.compat  - Using yaml library: c:\users\vipulba\anaconda3\lib\site-packages\ruamel\yaml\__init__.py
2020-08-05 14:24:46 DEBUG    rasa.utils.tensorflow.models  - Loading the model ...
2020-08-05 14:24:47 DEBUG    rasa.utils.tensorflow.models  - Finished loading the model.
2020-08-05 14:24:47 DEBUG    rasa.utils.tensorflow.models  - Building tensorflow prediction graph...
2020-08-05 14:24:48 DEBUG    rasa.utils.tensorflow.models  - Finished building tensorflow prediction graph.
2020-08-05 14:24:48 DEBUG    rasa.core.nlg.generator  - Instantiated NLG to 'TemplatedNaturalLanguageGenerator'.
2020-08-05 14:24:48 INFO     root  - Rasa server is up and running.
Bot loaded. Type a message and press enter (use '/stop' to exit):
Your input ->  hello
2020-08-05 14:26:45 DEBUG    rasa.core.tracker_store  - Creating a new tracker for id '9d20817c277f4481a8a7c1ac69cd59cd'.
2020-08-05 14:26:45 DEBUG    rasa.core.processor  - Starting a new session for conversation ID '9d20817c277f4481a8a7c1ac69cd59cd'.
2020-08-05 14:26:45 DEBUG    rasa.core.processor  - Action 'action_session_start' ended with events '[<rasa.core.events.SessionStarted object at 0x0000026B3B29EF48>, <rasa.core.events.ActionExecuted object at 0x0000026B3B29EF08>]'.
2020-08-05 14:26:45 DEBUG    rasa.core.processor  - Current slot values:
        dest: None
        requested_slot: None
        src: None
2020-08-05 14:26:46 DEBUG    rasa.nlu.classifiers.diet_classifier  - There is no trained model for 'ResponseSelector': The component is either not trained or didn't receive enough training data.
2020-08-05 14:26:46 DEBUG    rasa.nlu.selectors.response_selector  - Adding following selector key to message property: default
2020-08-05 14:26:46 DEBUG    rasa.core.processor  - Received user message 'hello' with intent '{'name': 'greet', 'confidence': 0.9999983906745911}' and entities '[]'
2020-08-05 14:26:46 DEBUG    rasa.core.processor  - Logged UserUtterance - tracker now has 4 events.
2020-08-05 14:26:46 DEBUG    rasa.core.policies.memoization  - Current tracker state [None, None, None, {}, {'intent_greet': 1.0, 'prev_action_listen': 1.0}]
2020-08-05 14:26:46 DEBUG    rasa.core.policies.memoization  - There is a memorised next action 'utter_greet'
2020-08-05 14:26:46 DEBUG    rasa.core.policies.form_policy  - There is no active form
2020-08-05 14:26:46 DEBUG    rasa.core.policies.ensemble  - Predicted next action using policy_0_MemoizationPolicy
2020-08-05 14:26:46 DEBUG    rasa.core.processor  - Predicted next action 'utter_greet' with confidence 1.00.
2020-08-05 14:26:46 DEBUG    rasa.core.processor  - Action 'utter_greet' ended with events '[BotUttered('Hey! How are you?', {"elements": null, "quick_replies": null, "buttons": null, "attachment": null, "image": null, "custom": null}, {}, 1596617806.3747342)]'.
2020-08-05 14:26:46 DEBUG    rasa.core.policies.memoization  - Current tracker state [None, None, {}, {'intent_greet': 1.0, 'prev_action_listen': 1.0}, {'prev_utter_greet': 1.0, 'intent_greet': 1.0}]
2020-08-05 14:26:46 DEBUG    rasa.core.policies.memoization  - There is a memorised next action 'action_listen'
2020-08-05 14:26:46 DEBUG    rasa.core.policies.mapping_policy  - There is no mapped action for the predicted intent, 'greet'.
2020-08-05 14:26:46 DEBUG    rasa.core.policies.form_policy  - There is no active form
2020-08-05 14:26:46 DEBUG    rasa.core.policies.ensemble  - Predicted next action using policy_0_MemoizationPolicy
2020-08-05 14:26:46 DEBUG    rasa.core.processor  - Predicted next action 'action_listen' with confidence 1.00.
2020-08-05 14:26:46 DEBUG    rasa.core.processor  - Action 'action_listen' ended with events '[]'.
2020-08-05 14:26:46 DEBUG    rasa.core.lock_store  - Deleted lock for conversation '9d20817c277f4481a8a7c1ac69cd59cd'.
Hey! How are you?
Your input ->  are there any interfaces to CRM
2020-08-05 14:26:58 DEBUG    rasa.core.tracker_store  - Recreating tracker for id '9d20817c277f4481a8a7c1ac69cd59cd'
2020-08-05 14:26:58 DEBUG    rasa.nlu.classifiers.diet_classifier  - There is no trained model for 'ResponseSelector': The component is either not trained or didn't receive enough training data.
2020-08-05 14:26:58 DEBUG    rasa.nlu.selectors.response_selector  - Adding following selector key to message property: default
2020-08-05 14:26:58 DEBUG    rasa.core.processor  - Received user message 'are there any interfaces to CRM' with intent '{'name': 'iml_query', 'confidence': 0.999904990196228}' and entities '[{'entity': 'app', 'start': 28, 'end': 31, 'role': 'dest', 'value': 'CRM', 'extractor': 'DIETClassifier'}]'
2020-08-05 14:26:58 DEBUG    rasa.core.processor  - Current slot values:
        dest: None
        requested_slot: None
        src: None
2020-08-05 14:26:58 DEBUG    rasa.core.processor  - Logged UserUtterance - tracker now has 8 events.
2020-08-05 14:26:58 DEBUG    rasa.core.policies.memoization  - Current tracker state [None, {}, {'intent_greet': 1.0, 'prev_action_listen': 1.0}, {'prev_utter_greet': 1.0, 'intent_greet': 1.0}, {'intent_iml_query': 1.0, 'entity_app': 1.0, 'prev_action_listen': 1.0}]
2020-08-05 14:26:58 DEBUG    rasa.core.policies.memoization  - There is no memorised next action
2020-08-05 14:26:58 DEBUG    rasa.core.policies.form_policy  - There is no active form
2020-08-05 14:26:58 DEBUG    rasa.core.policies.ensemble  - Predicted next action using policy_1_TEDPolicy
2020-08-05 14:26:58 DEBUG    rasa.core.processor  - Predicted next action 'iml_form' with confidence 0.99.
2020-08-05 14:26:58 DEBUG    rasa.core.actions.action  - Calling action endpoint to run action 'iml_form'.
2020-08-05 14:26:59 DEBUG    rasa.core.processor  - Action 'iml_form' ended with events '[BotUttered('Please provide the source (From) app.', {"elements": null, "quick_replies": null, "buttons": null, "attachment": null, "image": null, "custom": null}, {"dest": "CRM"}, 1596617819.8810565), <rasa.core.events.Form object at 0x0000026B3AA57B48>, <rasa.core.events.SlotSet object at 0x0000026B3B29EE48>, <rasa.core.events.SlotSet object at 0x0000026B38E37288>]'.
c:\users\vipulba\anaconda3\lib\site-packages\rasa\utils\common.py:363: UserWarning: Action 'iml_form' set a slot type 'dest' which it never set during the training. This can throw off the prediction. Make sure to include training examples in your stories for the different types of slots this action can return. Remember: you need to set the slots manually in the stories by adding '- slot{"dest": CRM}' after the action.
2020-08-05 14:26:59 DEBUG    rasa.core.processor  - Current slot values:
        dest: CRM
        requested_slot: src
        src: None
2020-08-05 14:26:59 DEBUG    rasa.core.policies.memoization  - Current tracker state [None, {}, {'intent_greet': 1.0, 'prev_action_listen': 1.0}, {'prev_utter_greet': 1.0, 'intent_greet': 1.0}, {'intent_iml_query': 1.0, 'entity_app': 1.0, 'prev_action_listen': 1.0}]
2020-08-05 14:26:59 DEBUG    rasa.core.policies.memoization  - There is no memorised next action
2020-08-05 14:26:59 DEBUG    rasa.core.policies.mapping_policy  - There is no mapped action for the predicted intent, 'iml_query'.
2020-08-05 14:26:59 DEBUG    rasa.core.policies.form_policy  - There is an active form 'iml_form'
2020-08-05 14:26:59 DEBUG    rasa.core.policies.ensemble  - Predicted next action using policy_3_FormPolicy
2020-08-05 14:26:59 DEBUG    rasa.core.processor  - Predicted next action 'action_listen' with confidence 1.00.
2020-08-05 14:26:59 DEBUG    rasa.core.processor  - Action 'action_listen' ended with events '[]'.
2020-08-05 14:26:59 DEBUG    rasa.core.lock_store  - Deleted lock for conversation '9d20817c277f4481a8a7c1ac69cd59cd'.
Please provide the source (From) app.
Your input ->  Portal
2020-08-05 14:27:08 DEBUG    rasa.core.tracker_store  - Recreating tracker for id '9d20817c277f4481a8a7c1ac69cd59cd'
2020-08-05 14:27:08 DEBUG    rasa.nlu.classifiers.diet_classifier  - There is no trained model for 'ResponseSelector': The component is either not trained or didn't receive enough training data.
2020-08-05 14:27:08 DEBUG    rasa.nlu.selectors.response_selector  - Adding following selector key to message property: default
2020-08-05 14:27:08 DEBUG    rasa.core.processor  - Received user message 'Portal' with intent '{'name': 'iml_query', 'confidence': 0.9998629093170166}' and entities '[{'entity': 'app', 'start': 0, 'end': 6, 'role': 'src', 'value': 'Portal', 'extractor': 'DIETClassifier'}]'
2020-08-05 14:27:08 DEBUG    rasa.core.processor  - Current slot values:
        dest: CRM
        requested_slot: src
        src: None
2020-08-05 14:27:08 DEBUG    rasa.core.processor  - Logged UserUtterance - tracker now has 15 events.
2020-08-05 14:27:08 DEBUG    rasa.core.policies.memoization  - Current tracker state [{'intent_greet': 1.0, 'prev_action_listen': 1.0}, {'prev_utter_greet': 1.0, 'intent_greet': 1.0}, {'intent_iml_query': 1.0, 'entity_app': 1.0, 'prev_action_listen': 1.0}, {'prev_iml_form': 1.0, 'intent_iml_query': 1.0, 'entity_app': 1.0, 'active_form_iml_form': 1.0, 'slot_dest_0': 1.0}, {'intent_iml_query': 1.0, 'entity_app': 1.0, 'active_form_iml_form': 1.0, 'slot_dest_0': 1.0, 'prev_action_listen': 1.0}]
2020-08-05 14:27:08 DEBUG    rasa.core.policies.memoization  - There is no memorised next action
2020-08-05 14:27:08 DEBUG    rasa.core.policies.form_policy  - There is an active form 'iml_form'
2020-08-05 14:27:08 DEBUG    rasa.core.policies.ensemble  - Predicted next action using policy_3_FormPolicy
2020-08-05 14:27:08 DEBUG    rasa.core.processor  - Predicted next action 'iml_form' with confidence 1.00.
2020-08-05 14:27:08 DEBUG    rasa.core.actions.action  - Calling action endpoint to run action 'iml_form'.
2020-08-05 14:27:09 DEBUG    rasa.core.processor  - Action 'iml_form' ended with events '[BotUttered('Pease Wait, finding interfaces from Portal to CRM', {"elements": null, "quick_replies": null, "buttons": null, "attachment": null, "image": null, "custom": null}, {"src": "Portal", "dest": "CRM"}, 1596617829.9903831), <rasa.core.events.SlotSet object at 0x0000026B3B371A48>, <rasa.core.events.Form object at 0x0000026B3E52C0C8>, <rasa.core.events.SlotSet object at 0x0000026B3E52C808>]'.
c:\users\vipulba\anaconda3\lib\site-packages\rasa\utils\common.py:363: UserWarning: Action 'iml_form' set a slot type 'src' which it never set during the training. This can throw off the prediction. Make sure to include training examples in your stories for the different types of slots this action can return. Remember: you need to set the slots manually in the stories by adding '- slot{"src": Portal}' after the action.
2020-08-05 14:27:10 DEBUG    rasa.core.processor  - Current slot values:
        dest: CRM
        requested_slot: None
        src: Portal
2020-08-05 14:27:10 DEBUG    rasa.core.policies.memoization  - Current tracker state [{}, {'intent_greet': 1.0, 'prev_action_listen': 1.0}, {'prev_utter_greet': 1.0, 'intent_greet': 1.0}, {'intent_iml_query': 1.0, 'entity_app': 1.0, 'prev_action_listen': 1.0}, {'prev_iml_form': 1.0, 'intent_iml_query': 1.0, 'entity_app': 1.0, 'slot_dest_0': 1.0, 'slot_src_0': 1.0}]
2020-08-05 14:27:10 DEBUG    rasa.core.policies.memoization  - There is no memorised next action
2020-08-05 14:27:10 DEBUG    rasa.core.policies.mapping_policy  - There is no mapped action for the predicted intent, 'iml_query'.
2020-08-05 14:27:10 DEBUG    rasa.core.policies.form_policy  - There is no active form
2020-08-05 14:27:10 DEBUG    rasa.core.policies.ensemble  - Predicted next action using policy_1_TEDPolicy
2020-08-05 14:27:10 DEBUG    rasa.core.processor  - Predicted next action 'action_listen' with confidence 0.95.
2020-08-05 14:27:10 DEBUG    rasa.core.processor  - Action 'action_listen' ended with events '[]'.
2020-08-05 14:27:10 DEBUG    rasa.core.lock_store  - Deleted lock for conversation '9d20817c277f4481a8a7c1ac69cd59cd'.
Pease Wait, finding interfaces from Portal to CRM
Your input ->