(base) C:\SelfLearning\rasa\projects\imlBot>rasa shell -vv
2020-08-05 13:53:15 DEBUG    rasa.model  - Extracted model to 'C:\Users\vipulba\AppData\Local\Temp\tmplveca5fc'.
2020-08-05 13:53:15 DEBUG    rasa.cli.utils  - Parameter 'endpoints' not set. Using default location 'endpoints.yml' instead.
2020-08-05 13:53:15 DEBUG    rasa.cli.utils  - Parameter 'credentials' not set. Using default location 'credentials.yml' instead.
2020-08-05 13:53:16 DEBUG    rasa.model  - Extracted model to 'C:\Users\vipulba\AppData\Local\Temp\tmpyt_l2fk0'.
2020-08-05 13:53:21 INFO     root  - Connecting to channel 'cmdline' which was specified by the '--connector' argument. Any other channels will be ignored. To connect to all given channels, omit the '--connector' argument.
2020-08-05 13:53:21 DEBUG    sanic.root  - CORS: Configuring CORS with resources: {'/*': {'origins': [''], 'methods': 'DELETE, GET, HEAD, OPTIONS, PATCH, POST, PUT', 'allow_headers': ['.*'], 'expose_headers': None, 'supports_credentials': True, 'max_age': None, 'send_wildcard': False, 'automatic_options': True, 'vary_header': True, 'resources': {'/*': {'origins': ''}}, 'intercept_exceptions': True, 'always_send': True}}
2020-08-05 13:53:21 DEBUG    rasa.core.utils  - Available web server routes:
/webhooks/rest                                     GET                            custom_webhook_CmdlineInput.health
/webhooks/rest/webhook                             POST                           custom_webhook_CmdlineInput.receive
/                                                  GET                            hello
2020-08-05 13:53:21 INFO     root  - Starting Rasa server on http://localhost:5005
2020-08-05 13:53:21 DEBUG    rasa.core.utils  - Using the default number of Sanic workers (1).
2020-08-05 13:53:21 INFO     root  - Enabling coroutine debugging. Loop id 2040100207432.
2020-08-05 13:53:21 DEBUG    rasa.model  - Extracted model to 'C:\Users\vipulba\AppData\Local\Temp\tmpq_o9xdxx'.
2020-08-05 13:53:24 DEBUG    rasa.utils.tensorflow.models  - Loading the model ...
2020-08-05 13:53:24.512074: E tensorflow/stream_executor/cuda/cuda_driver.cc:351] failed call to cuInit: UNKNOWN ERROR (303)
2020-08-05 13:53:28 DEBUG    rasa.utils.tensorflow.models  - Finished loading the model.
2020-08-05 13:53:28 DEBUG    rasa.utils.tensorflow.models  - Building tensorflow prediction graph...
2020-08-05 13:53:38 DEBUG    rasa.utils.tensorflow.models  - Finished building tensorflow prediction graph.
2020-08-05 13:53:38 DEBUG    rasa.nlu.classifiers.diet_classifier  - Failed to load model for 'ResponseSelector'. Maybe you did not provide enough training data and no model was trained or the path 'C:\Users\vipulba\AppData\Local\Temp\tmpq_o9xdxx\nlu' doesn't exist?
2020-08-05 13:53:38 DEBUG    rasa.core.tracker_store  - Connected to InMemoryTrackerStore.
2020-08-05 13:53:38 DEBUG    rasa.core.lock_store  - Connected to lock store 'InMemoryLockStore'.
2020-08-05 13:53:38 DEBUG    rasa.model  - Extracted model to 'C:\Users\vipulba\AppData\Local\Temp\tmpvcpfjuc9'.
2020-08-05 13:53:38 DEBUG    pykwalify.compat  - Using yaml library: c:\users\vipulba\anaconda3\lib\site-packages\ruamel\yaml\__init__.py
2020-08-05 13:53:38 DEBUG    rasa.utils.tensorflow.models  - Loading the model ...
2020-08-05 13:53:39 DEBUG    rasa.utils.tensorflow.models  - Finished loading the model.
2020-08-05 13:53:39 DEBUG    rasa.utils.tensorflow.models  - Building tensorflow prediction graph...
2020-08-05 13:53:41 DEBUG    rasa.utils.tensorflow.models  - Finished building tensorflow prediction graph.
2020-08-05 13:53:41 DEBUG    rasa.core.nlg.generator  - Instantiated NLG to 'TemplatedNaturalLanguageGenerator'.
2020-08-05 13:53:41 INFO     root  - Rasa server is up and running.
Bot loaded. Type a message and press enter (use '/stop' to exit):
Your input ->  do we have interfaces from CRM to UFE
2020-08-05 13:54:48 DEBUG    rasa.core.tracker_store  - Creating a new tracker for id 'e3ddaa78d8ab4e198cf24f2683fc48ee'.
2020-08-05 13:54:48 DEBUG    rasa.core.processor  - Starting a new session for conversation ID 'e3ddaa78d8ab4e198cf24f2683fc48ee'.
2020-08-05 13:54:48 DEBUG    rasa.core.processor  - Action 'action_session_start' ended with events '[<rasa.core.events.SessionStarted object at 0x000001DA84ADB588>, <rasa.core.events.ActionExecuted object at 0x000001DA84ADB548>]'.
2020-08-05 13:54:48 DEBUG    rasa.core.processor  - Current slot values:
        dest: None
        requested_slot: None
        src: None
2020-08-05 13:54:49 DEBUG    rasa.nlu.classifiers.diet_classifier  - There is no trained model for 'ResponseSelector': The component is either not trained or didn't receive enough training data.
2020-08-05 13:54:49 DEBUG    rasa.nlu.selectors.response_selector  - Adding following selector key to message property: default
2020-08-05 13:54:49 DEBUG    rasa.core.processor  - Received user message 'do we have interfaces from CRM to UFE' with intent '{'name': 'iml_query', 'confidence': 1.0}' and entities '[{'entity': 'app', 'start': 27, 'end': 30, 'role': 'src', 'value': 'CRM', 'extractor': 'DIETClassifier'}, {'entity': 'app', 'start': 34, 'end': 37, 'role': 'dest', 'value': 'UFE', 'extractor': 'DIETClassifier'}]'
2020-08-05 13:54:49 DEBUG    rasa.core.processor  - Current slot values:
        dest: None
        requested_slot: None
        src: None
2020-08-05 13:54:49 DEBUG    rasa.core.processor  - Logged UserUtterance - tracker now has 4 events.
2020-08-05 13:54:49 DEBUG    rasa.core.policies.memoization  - Current tracker state [None, None, None, {}, {'prev_action_listen': 1.0, 'entity_app': 1.0, 'intent_iml_query': 1.0}]
2020-08-05 13:54:49 DEBUG    rasa.core.policies.memoization  - There is no memorised next action
2020-08-05 13:54:49 DEBUG    rasa.core.policies.form_policy  - There is no active form
2020-08-05 13:54:49 DEBUG    rasa.core.policies.ensemble  - Predicted next action using policy_1_TEDPolicy
2020-08-05 13:54:49 DEBUG    rasa.core.processor  - Predicted next action 'iml_form' with confidence 0.99.
2020-08-05 13:54:49 DEBUG    rasa.core.actions.action  - Calling action endpoint to run action 'iml_form'.
2020-08-05 13:54:50 DEBUG    rasa.core.processor  - Action 'iml_form' ended with events '[BotUttered('Pease Wait, finding interfaces from CRM to UFE', {"elements": null, "quick_replies": null, "buttons": null, "attachment": null, "image": null, "custom": null}, {"src": "CRM", "dest": "UFE"}, 1596615890.5969706), <rasa.core.events.Form object at 0x000001DA8083D588>, <rasa.core.events.SlotSet object at 0x000001DA81F746C8>, <rasa.core.events.SlotSet object at 0x000001DA81F74248>, <rasa.core.events.Form object at 0x000001DA81F74748>, <rasa.core.events.SlotSet object at 0x000001DA81F749C8>]'.
c:\users\vipulba\anaconda3\lib\site-packages\rasa\utils\common.py:363: UserWarning: Action 'iml_form' set a slot type 'src' which it never set during the training. This can throw off the prediction. Make sure to include training examples in your stories for the different types of slots this action can return. Remember: you need to set the slots manually in the stories by adding '- slot{"src": CRM}' after the action.
c:\users\vipulba\anaconda3\lib\site-packages\rasa\utils\common.py:363: UserWarning: Action 'iml_form' set a slot type 'dest' which it never set during the training. This can throw off the prediction. Make sure to include training examples in your stories for the different types of slots this action can return. Remember: you need to set the slots manually in the stories by adding '- slot{"dest": UFE}' after the action.
2020-08-05 13:54:50 DEBUG    rasa.core.processor  - Current slot values:
        dest: UFE
        requested_slot: None
        src: CRM
2020-08-05 13:54:50 DEBUG    rasa.core.policies.memoization  - Current tracker state [None, None, {}, {'prev_action_listen': 1.0, 'entity_app': 1.0, 'intent_iml_query': 1.0}, {'entity_app': 1.0, 'slot_src_0': 1.0, 'slot_dest_0': 1.0, 'prev_iml_form': 1.0, 'intent_iml_query': 1.0}]
2020-08-05 13:54:50 DEBUG    rasa.core.policies.memoization  - There is no memorised next action
2020-08-05 13:54:50 DEBUG    rasa.core.policies.mapping_policy  - There is no mapped action for the predicted intent, 'iml_query'.
2020-08-05 13:54:50 DEBUG    rasa.core.policies.form_policy  - There is no active form
2020-08-05 13:54:50 DEBUG    rasa.core.policies.ensemble  - Predicted next action using policy_1_TEDPolicy
2020-08-05 13:54:50 DEBUG    rasa.core.processor  - Predicted next action 'action_listen' with confidence 0.96.
2020-08-05 13:54:50 DEBUG    rasa.core.processor  - Action 'action_listen' ended with events '[]'.
2020-08-05 13:54:50 DEBUG    rasa.core.lock_store  - Deleted lock for conversation 'e3ddaa78d8ab4e198cf24f2683fc48ee'.
Pease Wait, finding interfaces from CRM to UFE
Your input ->